
  ******************************************  
  *           Fortran 77 Code              *  
  *         Spherical H.O. basis            *  
  * Dirac-Hartree-Bogoliubov calculation   *  
  *        with density-dependent          *  
  * meson-exchange or point coupling force *  
  *          and separable pairing         *  
  * -------------------------------------- *  
  *      Niksic, Paar, Vretenar, Ring      *  
  *           2/ 2/2014/21:46:11           *
  *       Kr  78  N =  42  Z =  36
  ******************************************  
  ****** BEGIN READER *******************************
 Number of oscillator shells :    12   20
 Initialization inin,inink   :     1    1
 Nucleus: Kr  78    42  36
 Initial Gap Parameters      :     1.0000    1.0000
 Parameter set               :    DD-PC1    
  ****** END READER *********************************
  ****** BEGIN FORCES *******************************

 NEDF Parameters: DD-PC1    
           scasca    scavec    vecsca    vecvec
 GG   =   1.000000  1.000000  1.000000  1.000000
 DD   =  -0.814900  0.000000  0.000000  0.000000
  
 Density dependence parameters:
           scasca    scavec    vecsca    vecvec
 a    = -10.046200  5.919500  0.000000  0.000000
 b    =  -9.150400  8.863700  0.000000  1.836000
 c    =  -6.427300  0.000000  0.000000  0.000000
 d    =   1.372400  0.658400  0.000000  0.640300
 dsat =   0.152000
  
 TMR pairing: Tian,Ma,Ring, PRB 676, 44 (2009)
 TMR pairing strength    gl =:  -728.00000 [MeV*fm^3]
 TMR pairing width        a =:     0.64420 [fm]
  ****** END FORCES *********************************
  ****** BEGIN PREP *********************************
  
 hom =                            9.595899
 hb0 =                           20.734000
 b0  =                            2.078805
 with Coulomb force
 With microscopic c.m. correction
  ****** END PREP ***********************************
  ****** BEGIN ITER *********************************
  1.It. si =    0.0000000  E/A =    0.0000 R =    0.0000  mix = 0.50
  2.It. si =   73.9591802  E/A =   -8.4295 R =    4.1825  mix = 0.50
  3.It. si =   39.7102119  E/A =   -8.4915 R =    4.1524  mix = 0.50
  4.It. si =   30.3682453  E/A =   -8.5226 R =    4.1199  mix = 0.50
  5.It. si =   21.7778107  E/A =   -8.5321 R =    4.0985  mix = 0.50
  6.It. si =    4.0933911  E/A =   -8.5363 R =    4.0724  mix = 0.50
  7.It. si =    1.6686807  E/A =   -8.5367 R =    4.0773  mix = 0.50
  8.It. si =    0.0858096  E/A =   -8.5372 R =    4.0803  mix = 0.50
  9.It. si =    0.0589903  E/A =   -8.5374 R =    4.0802  mix = 0.50
 10.It. si =    0.0511998  E/A =   -8.5382 R =    4.0803  mix = 0.50
 11.It. si =    0.0191826  E/A =   -8.5386 R =    4.0804  mix = 0.50
 12.It. si =    0.0088494  E/A =   -8.5386 R =    4.0804  mix = 0.50
 13.It. si =    0.0007224  E/A =   -8.5387 R =    4.0804  mix = 0.50
 14.It. si =    0.0001034  E/A =   -8.5387 R =    4.0804  mix = 0.50
 15.It. si =    0.0000418  E/A =   -8.5387 R =    4.0804  mix = 0.50
 16.It. si =    0.0000363  E/A =   -8.5387 R =    4.0804  mix = 0.50
 17.It. si =    0.0000202  E/A =   -8.5387 R =    4.0804  mix = 0.50
 18.It. si =    0.0000042  E/A =   -8.5387 R =    4.0804  mix = 0.50
 19.It. si =    0.0000015  E/A =   -8.5387 R =    4.0804  mix = 0.50
 ********************************************************************
 Kr  78: Iteration converged after  19 steps   si =      0.0000001521
 ********************************************************************
  ****** END ITER ***********************************
  ****** BEGIN CANON ********************************
 single-particle energies and gaps  in the canonical basis: Neutron:
 ------------------------------------------------------------------
    j pi     (nr,l,j)  smax       Ecan       vvcan       decan
 j = 1/2+  (   s 1/2)  0.98    -57.7204      0.9999      1.1045
 j = 1/2+  (   s 1/2)  0.98    -31.4781      0.9984      1.6969
 j = 1/2+  (   s 1/2)  0.97     -0.4396      0.0011      0.6715
 j = 1/2+  (   s 1/2)  0.80     19.2533      0.0000      0.0169
 j = 1/2+  (   s 1/2)  0.95     22.6278      0.0000      0.3370
 j = 1/2+  (   s 1/2)  0.92     41.1176      0.0000      0.1648
 j = 1/2+  (   s 1/2)  0.80     72.3759      0.0000      0.0777
 j = 1/2-  (   p 1/2)  0.99    -45.7708      0.9996      1.3929
 j = 1/2-  (   p 1/2)  0.98    -13.4442      0.9615      1.2593
 j = 1/2-  (   p 1/2)  0.96     13.1096      0.0001      0.4939
 j = 1/2-  (   p 1/2)  0.95     31.4454      0.0000      0.2653
 j = 1/2-  (   p 1/2)  0.88     31.7531      0.0000      0.0290
 j = 1/2-  (   p 1/2)  0.86     54.0297      0.0000      0.1289
 j = 3/2+  (   d 3/2)  0.99    -30.9150      0.9987      1.4983
 j = 3/2+  (   d 3/2)  0.98     -0.1551      0.0017      0.8400
 j = 3/2+  (   d 3/2)  0.80     18.8394      0.0000      0.0162
 j = 3/2+  (   d 3/2)  0.94     24.9205      0.0000      0.3937
 j = 3/2+  (   d 3/2)  0.88     46.3663      0.0000      0.1950
 j = 3/2+  (   d 3/2)  0.83     69.1202      0.0000      0.0857
 j = 3/2-  (   p 3/2)  0.99    -47.4634      0.9997      1.3873
 j = 3/2-  (   p 3/2)  0.98    -15.6274      0.9853      1.2911
 j = 3/2-  (   p 3/2)  0.96     12.2237      0.0001      0.4945
 j = 3/2-  (   p 3/2)  0.87     30.8740      0.0000      0.0278
 j = 3/2-  (   p 3/2)  0.95     31.1292      0.0000      0.2543
 j = 3/2-  (   p 3/2)  0.85     53.5237      0.0000      0.1260
 j = 5/2+  (   d 5/2)  0.99    -35.0482      0.9990      1.5516
 j = 5/2+  (   d 5/2)  0.98     -2.7572      0.0028      0.8149
 j = 5/2+  (   d 5/2)  0.80     18.9678      0.0000      0.0167
 j = 5/2+  (   d 5/2)  0.94     23.1127      0.0000      0.3840
 j = 5/2+  (   d 5/2)  0.88     44.3675      0.0000      0.1938
 j = 5/2+  (   d 5/2)  0.83     68.3007      0.0000      0.0863
 j = 5/2-  (   f 5/2)  0.98    -15.7101      0.9830      1.4167
 j = 5/2-  (   f 5/2)  0.96     12.8972      0.0002      0.5715
 j = 5/2-  (   f 5/2)  0.81     27.0242      0.0000      0.0233
 j = 5/2-  (   f 5/2)  0.91     35.8309      0.0000      0.2988
 j = 5/2-  (   f 5/2)  0.75     54.8638      0.0000      0.1332
 j = 7/2+  (   g 7/2)  0.98     -1.3438      0.0045      1.2324
 j = 7/2+  (   g 7/2)  0.80     19.8465      0.0000      0.0149
 j = 7/2+  (   g 7/2)  0.94     25.1817      0.0000      0.4285
 j = 7/2+  (   g 7/2)  0.84     48.7897      0.0000      0.2126
 j = 7/2+  (   g 7/2)  0.85     65.5958      0.0000      0.0805
 j = 7/2-  (   f 7/2)  0.99    -22.1070      0.9962      1.4571
 j = 7/2-  (   f 7/2)  0.96      9.7605      0.0002      0.5727
 j = 7/2-  (   f 7/2)  0.80     26.4463      0.0000      0.0228
 j = 7/2-  (   f 7/2)  0.90     34.1275      0.0000      0.2798
 j = 7/2-  (   f 7/2)  0.74     53.0192      0.0000      0.1306
 j = 9/2+  (   g 9/2)  0.99     -9.5732      0.2189      1.2486
 j = 9/2+  (   g 9/2)  0.80     20.2695      0.0000      0.0161
 j = 9/2+  (   g 9/2)  0.94     21.3477      0.0000      0.4305
 j = 9/2+  (   g 9/2)  0.85     44.4173      0.0000      0.2127
 j = 9/2+  (   g 9/2)  0.84     64.2874      0.0000      0.0820
 j = 9/2-  (   h 9/2)  0.96     12.3987      0.0005      1.0036
 j = 9/2-  (   h 9/2)  0.78     27.5430      0.0000      0.0204
 j = 9/2-  (   h 9/2)  0.88     37.8898      0.0000      0.3311
 j = 9/2-  (   h 9/2)  0.70     54.9394      0.0000      0.1350
 j =11/2+  (   i11/2)  0.78     22.6341      0.0000      0.0142
 j =11/2+  (   i11/2)  0.93     25.8902      0.0001      0.7819
 j =11/2+  (   i11/2)  0.76     52.8024      0.0000      0.2666
 j =11/2+  (   i11/2)  0.86     62.5128      0.0000      0.0815
 j =11/2-  (   h11/2)  0.97      2.8568      0.0015      1.0220
 j =11/2-  (   h11/2)  0.78     27.5151      0.0000      0.0212
 j =11/2-  (   h11/2)  0.88     33.3581      0.0000      0.3325
 j =11/2-  (   h11/2)  0.70     50.9532      0.0000      0.1338
 j =13/2+  (   i13/2)  0.93     15.5580      0.0002      0.7990
 j =13/2+  (   i13/2)  0.79     22.4910      0.0000      0.0149
 j =13/2+  (   i13/2)  0.76     46.7951      0.0000      0.2666
 j =13/2+  (   i13/2)  0.86     59.1137      0.0000      0.0800
 j =13/2-  (   j13/2)  0.74     30.6196      0.0000      0.0218
 j =13/2-  (   j13/2)  0.87     39.8298      0.0000      0.5934
 j =13/2-  (   j13/2)  0.63     56.1754      0.0000      0.1761
 j =15/2+  (   k15/2)  0.79     29.6748      0.0000      0.0164
 j =15/2+  (   k15/2)  0.81     53.4885      0.0000      0.4424
 j =15/2+  (   k15/2)  0.84     63.0906      0.0000      0.1078
 j =15/2-  (   j15/2)  0.87     28.7093      0.0001      0.6089
 j =15/2-  (   j15/2)  0.73     29.9459      0.0000      0.0217
 j =15/2-  (   j15/2)  0.64     50.4892      0.0000      0.1729
 j =17/2+  (   k17/2)  0.80     29.4754      0.0000      0.0171
 j =17/2+  (   k17/2)  0.80     41.7974      0.0000      0.4532
 j =17/2+  (   k17/2)  0.85     58.1154      0.0000      0.1057
 j =17/2-  (   l17/2)  0.78     39.7206      0.0000      0.0305
 j =17/2-  (   l17/2)  0.77     58.8842      0.0000      0.2790
 j =19/2+  (   m19/2)  0.74     42.9985      0.0000      0.0179
 j =19/2+  (   m19/2)  0.73     67.0856      0.0000      0.1801
 j =19/2-  (   l19/2)  0.77     38.7428      0.0000      0.0303
 j =19/2-  (   l19/2)  0.77     50.2065      0.0000      0.2829
 j =21/2+  (   m21/2)  0.73     42.3630      0.0000      0.0179
 j =21/2+  (   m21/2)  0.73     60.0107      0.0000      0.1820
 j =21/2-  (   n21/2)  0.98     56.4714      0.0000      0.0602
 j =23/2+  (   o23/2)  0.98     61.6553      0.0000      0.0348
 j =23/2-  (   n23/2)  0.98     54.4265      0.0000      0.0603
 j =25/2+  (   o25/2)  0.98     60.2613      0.0000      0.0349
 single-particle energies and gaps  in the canonical basis: Proton: 
 ------------------------------------------------------------------
    j pi     (nr,l,j)  smax       Ecan       vvcan       decan
 j = 1/2+  (   s 1/2)  0.99    -50.5851      0.9992      2.4840
 j = 1/2+  (   s 1/2)  0.98    -20.5241      0.9954      1.9552
 j = 1/2+  (   s 1/2)  0.97      8.6617      0.0008      0.8265
 j = 1/2+  (   s 1/2)  0.80     22.8193      0.0000      0.0161
 j = 1/2+  (   s 1/2)  0.93     32.8841      0.0000      0.4206
 j = 1/2+  (   s 1/2)  0.85     55.1975      0.0000      0.1995
 j = 1/2+  (   s 1/2)  0.83     73.4467      0.0000      0.0816
 j = 1/2-  (   p 1/2)  0.99    -36.7438      0.9988      2.1331
 j = 1/2-  (   p 1/2)  0.98     -5.0836      0.2110      1.6485
 j = 1/2-  (   p 1/2)  0.95     22.5507      0.0002      0.7649
 j = 1/2-  (   p 1/2)  0.82     33.0597      0.0000      0.0301
 j = 1/2-  (   p 1/2)  0.90     45.0764      0.0000      0.3672
 j = 1/2-  (   p 1/2)  0.75     59.8683      0.0000      0.1703
 j = 3/2+  (   d 3/2)  0.99    -22.0599      0.9966      1.8677
 j = 3/2+  (   d 3/2)  0.97      8.8133      0.0015      1.1545
 j = 3/2+  (   d 3/2)  0.79     22.3432      0.0000      0.0162
 j = 3/2+  (   d 3/2)  0.89     37.7193      0.0000      0.6011
 j = 3/2+  (   d 3/2)  0.70     63.2491      0.0000      0.2985
 j = 3/2+  (   d 3/2)  0.85     64.5097      0.0000      0.0920
 j = 3/2-  (   p 3/2)  0.99    -38.7751      0.9989      2.1512
 j = 3/2-  (   p 3/2)  0.98     -6.9586      0.6977      1.6430
 j = 3/2-  (   p 3/2)  0.95     21.4102      0.0002      0.7733
 j = 3/2-  (   p 3/2)  0.82     33.0089      0.0000      0.0303
 j = 3/2-  (   p 3/2)  0.90     44.3427      0.0000      0.3619
 j = 3/2-  (   p 3/2)  0.75     58.9972      0.0000      0.1694
 j = 5/2+  (   d 5/2)  0.99    -26.2958      0.9978      1.9073
 j = 5/2+  (   d 5/2)  0.97      6.1326      0.0021      1.1339
 j = 5/2+  (   d 5/2)  0.79     22.3478      0.0000      0.0167
 j = 5/2+  (   d 5/2)  0.89     36.0373      0.0001      0.6081
 j = 5/2+  (   d 5/2)  0.70     61.1248      0.0000      0.2928
 j = 5/2+  (   d 5/2)  0.85     63.8943      0.0000      0.0927
 j = 5/2-  (   f 5/2)  0.98     -7.3221      0.7729      1.6439
 j = 5/2-  (   f 5/2)  0.94     22.3996      0.0002      0.7337
 j = 5/2-  (   f 5/2)  0.73     29.0642      0.0000      0.0232
 j = 5/2-  (   f 5/2)  0.81     50.7967      0.0000      0.4433
 j = 5/2-  (   f 5/2)  0.63     58.6663      0.0000      0.1738
 j = 7/2+  (   g 7/2)  0.98      6.7756      0.0029      1.4011
 j = 7/2+  (   g 7/2)  0.79     24.3067      0.0000      0.0150
 j = 7/2+  (   g 7/2)  0.92     34.7993      0.0000      0.5067
 j = 7/2+  (   g 7/2)  0.85     64.4616      0.0000      0.0913
 j = 7/2+  (   g 7/2)  0.72     65.5535      0.0000      0.2967
 j = 7/2-  (   f 7/2)  0.99    -13.7887      0.9880      1.6829
 j = 7/2-  (   f 7/2)  0.95     19.1563      0.0002      0.7332
 j = 7/2-  (   f 7/2)  0.72     28.2331      0.0000      0.0224
 j = 7/2-  (   f 7/2)  0.80     49.9409      0.0000      0.4392
 j = 7/2-  (   f 7/2)  0.64     55.9638      0.0000      0.1638
 j = 9/2+  (   g 9/2)  0.98     -1.5788      0.0217      1.4222
 j = 9/2+  (   g 9/2)  0.79     24.5263      0.0000      0.0159
 j = 9/2+  (   g 9/2)  0.92     30.8148      0.0000      0.5089
 j = 9/2+  (   g 9/2)  0.73     61.3230      0.0000      0.2948
 j = 9/2+  (   g 9/2)  0.85     63.3933      0.0000      0.0933
 j = 9/2-  (   h 9/2)  0.96     20.3888      0.0005      1.1345
 j = 9/2-  (   h 9/2)  0.73     31.2739      0.0000      0.0205
 j = 9/2-  (   h 9/2)  0.86     48.1172      0.0000      0.3793
 j = 9/2-  (   h 9/2)  0.64     63.0523      0.0000      0.1531
 j =11/2+  (   i11/2)  0.78     28.2471      0.0000      0.0140
 j =11/2+  (   i11/2)  0.92     33.8796      0.0001      0.8825
 j =11/2+  (   i11/2)  0.74     62.6061      0.0000      0.2966
 j =11/2+  (   i11/2)  0.86     68.2428      0.0000      0.0860
 j =11/2-  (   h11/2)  0.96     10.7337      0.0012      1.1554
 j =11/2-  (   h11/2)  0.73     31.2072      0.0000      0.0212
 j =11/2-  (   h11/2)  0.85     43.3196      0.0000      0.3811
 j =11/2-  (   h11/2)  0.64     59.3557      0.0000      0.1514
 j =13/2+  (   i13/2)  0.92     23.3969      0.0002      0.9013
 j =13/2+  (   i13/2)  0.78     28.1233      0.0000      0.0146
 j =13/2+  (   i13/2)  0.73     56.3722      0.0000      0.2966
 j =13/2+  (   i13/2)  0.86     65.1019      0.0000      0.0847
 j =13/2-  (   j13/2)  0.72     36.2564      0.0000      0.0217
 j =13/2-  (   j13/2)  0.86     48.0088      0.0000      0.6696
 j =13/2-  (   j13/2)  0.65     63.7495      0.0000      0.1891
 j =15/2+  (   k15/2)  0.79     35.7055      0.0000      0.0161
 j =15/2+  (   k15/2)  0.79     61.7455      0.0000      0.4986
 j =15/2+  (   k15/2)  0.84     69.7072      0.0000      0.1144
 j =15/2-  (   j15/2)  0.72     35.6512      0.0000      0.0216
 j =15/2-  (   j15/2)  0.86     36.6392      0.0001      0.6864
 j =15/2-  (   j15/2)  0.66     58.2766      0.0000      0.1859
 j =17/2+  (   k17/2)  0.79     35.5263      0.0000      0.0166
 j =17/2+  (   k17/2)  0.79     49.7523      0.0000      0.5102
 j =17/2+  (   k17/2)  0.84     64.9293      0.0000      0.1128
 j =17/2-  (   l17/2)  0.77     45.9655      0.0000      0.0311
 j =17/2-  (   l17/2)  0.76     66.5146      0.0000      0.3104
 j =19/2+  (   m19/2)  0.73     49.1039      0.0000      0.0182
 j =19/2+  (   m19/2)  0.72     74.5979      0.0000      0.1986
 j =19/2-  (   l19/2)  0.76     45.0507      0.0000      0.0309
 j =19/2-  (   l19/2)  0.76     57.7461      0.0000      0.3146
 j =21/2+  (   m21/2)  0.72     48.5094      0.0000      0.0181
 j =21/2+  (   m21/2)  0.72     67.4549      0.0000      0.2007
 j =21/2-  (   n21/2)  0.98     63.3926      0.0000      0.0640
 j =23/2+  (   o23/2)  0.98     68.4140      0.0000      0.0366
 j =23/2-  (   n23/2)  0.98     61.3299      0.0000      0.0641
 j =25/2+  (   o25/2)  0.98     66.9995      0.0000      0.0366
  ****** END CANON **********************************
  ****** BEGIN RESU *********************************
   ****** BEGIN EXPECT *******

                            neutron        proton         total
 particle number            42.000000      36.000000      78.000000
 trace scalar density       40.232098      34.581507      74.813605
 lambda                    -10.422120      -6.251479
 spk                         5.023194       5.717792
 rms-Radius                  4.097440       4.060417       4.080394
 charge-Radius                              4.138476
 Particle Energ          -1170.095772    -779.525312   -1949.621084
 Selfconsistency Test.                                     0.000000

 Kinetic Energy            550.104544     441.677461     991.782005
 E-scsc                                               -11386.951331
 E-scve                                                 9522.765071
 E-vesc                                                    0.000000
 E-veve                                                    4.818275
 E-rearrang.                                             345.994297
 Coulomb direct                                          215.669291
 Pairing Energy             -5.756238      -8.345889     -14.102127
 Sum without E-cm                                       -666.018816
DE-cm <P**2>/2M             -9.962307      -7.982918     -17.945226
NE-cm <P**2>/2M              6.180594       4.800201      10.980795
 E-cm <P**2>/2M             -3.781713      -3.182717      -6.964430
 Total Energy                                           -672.983246
 E/A                                                      -8.627990

  ****** END EXPECT *********************************


 quasi-particle properties Neutron:
 ------------------------------------------------------------------
     p/h    l j     [nr,l,j]  smax       Eqp       uu       vv
   1  p   1s 1/2   ( 3s  1/2) 0.93     8.616     0.999     0.001
   2  p   2s 1/2   ( 4s  1/2) 0.49    18.406     0.711     0.289
   3  h   3s 1/2   ( 2s  1/2) 0.82    18.937     0.291     0.709
   4  p   4s 1/2   ( 4s  1/2) 0.71    34.431     1.000     0.000
   5  h   5s 1/2   ( 1s  1/2) 0.98    49.652     0.001     0.999
   6  p   6s 1/2   ( 5s  1/2) 0.71    55.284     1.000     0.000
   7  p   7s 1/2   ( 7s  1/2) 0.68    90.497     1.000     0.000
   8  h   1p 1/2   ( 2p  1/2) 0.96     3.079     0.038     0.962
   9  p   2p 1/2   ( 3p  1/2) 0.74    15.941     1.000     0.000
  10  p   3p 1/2   ( 3p  1/2) 0.62    28.385     1.000     0.000
  11  h   4p 1/2   ( 1p  1/2) 0.99    35.569     0.001     0.999
  12  p   5p 1/2   ( 4p  1/2) 0.69    47.507     1.000     0.000
  13  p   6p 1/2   ( 6p  1/2) 0.71    80.802     1.000     0.000
  14  p   1d 3/2   ( 2d  3/2) 0.95     9.183     0.998     0.002
  15  p   2d 3/2   ( 3d  3/2) 0.57    19.531     0.945     0.055
  16  h   3d 3/2   ( 1d  3/2) 0.96    20.612     0.057     0.943
  17  p   4d 3/2   ( 3d  3/2) 0.71    35.404     1.000     0.000
  18  p   5d 3/2   ( 4d  3/2) 0.72    56.083     1.000     0.000
  19  p   6d 3/2   ( 6d  3/2) 0.68    91.367     1.000     0.000
  20  h   1p 3/2   ( 2p  3/2) 0.97     4.884     0.015     0.985
  21  p   2p 3/2   ( 3p  3/2) 0.76    15.561     1.000     0.000
  22  p   3p 3/2   ( 3p  3/2) 0.60    27.759     1.000     0.000
  23  h   4p 3/2   ( 1p  3/2) 0.99    37.543     0.001     0.999
  24  p   5p 3/2   ( 4p  3/2) 0.69    46.648     1.000     0.000
  25  p   6p 3/2   ( 6p  3/2) 0.72    79.955     1.000     0.000
  26  p   1d 5/2   ( 2d  5/2) 0.97     7.137     0.997     0.003
  27  p   2d 5/2   ( 3d  5/2) 0.63    18.944     0.999     0.001
  28  h   3d 5/2   ( 1d  5/2) 0.99    24.684     0.003     0.997
  29  p   4d 5/2   ( 3d  5/2) 0.70    34.381     0.999     0.001
  30  p   5d 5/2   ( 4d  5/2) 0.71    54.406     1.000     0.000
  31  p   6d 5/2   ( 6d  5/2) 0.68    89.653     1.000     0.000
  32  h   1f 5/2   ( 1f  5/2) 0.98     5.471     0.017     0.983
  33  p   2f 5/2   ( 2f  5/2) 0.82    17.365     1.000     0.000
  34  p   3f 5/2   ( 4f  5/2) 0.56    28.096     1.000     0.000
  35  p   4f 5/2   ( 3f  5/2) 0.68    47.319     1.000     0.000
  36  p   5f 5/2   ( 5f  5/2) 0.72    80.526     1.000     0.000
  37  p   1g 7/2   ( 1g  7/2) 0.98     8.805     0.996     0.004
  38  p   2g 7/2   ( 2g  7/2) 0.64    21.996     1.000     0.000
  39  p   3g 7/2   ( 2g  7/2) 0.72    35.646     1.000     0.000
  40  p   4g 7/2   ( 3g  7/2) 0.72    54.987     1.000     0.000
  41  p   5g 7/2   ( 5g  7/2) 0.70    89.165     1.000     0.000
  42  h   1f 7/2   ( 1f  7/2) 0.99    11.771     0.004     0.996
  43  p   2f 7/2   ( 2f  7/2) 0.88    16.062     1.000     0.000
  44  p   3f 7/2   ( 3f  7/2) 0.61    26.594     1.000     0.000
  45  p   4f 7/2   ( 3f  7/2) 0.66    45.234     1.000     0.000
  46  p   5f 7/2   ( 5f  7/2) 0.73    77.690     1.000     0.000
  47  p   1g 9/2   ( 1g  9/2) 0.87     1.503     0.781     0.219
  48  p   2g 9/2   ( 2g  9/2) 0.71    21.053     1.000     0.000
  49  p   3g 9/2   ( 2g  9/2) 0.67    33.600     1.000     0.000
  50  p   4g 9/2   ( 3g  9/2) 0.71    52.129     1.000     0.000
  51  p   5g 9/2   ( 5g  9/2) 0.71    85.614     1.000     0.000
  52  p   1h 9/2   ( 1h  9/2) 0.92    20.080     1.000     0.000
  53  p   2h 9/2   ( 2h  9/2) 0.63    29.329     1.000     0.000
  54  p   3h 9/2   ( 2h  9/2) 0.68    48.195     1.000     0.000
  55  p   4h 9/2   ( 4h  9/2) 0.75    77.261     1.000     0.000
  56  p   1i11/2   ( 1i 11/2) 0.70    26.959     1.000     0.000
  57  p   2i11/2   ( 1i 11/2) 0.68    36.361     1.000     0.000
  58  p   3i11/2   ( 2i 11/2) 0.72    55.522     1.000     0.000
  59  p   4i11/2   ( 4i 11/2) 0.71    87.028     1.000     0.000
  60  p   1h11/2   ( 1h 11/2) 0.98    12.703     0.999     0.001
  61  p   2h11/2   ( 2h 11/2) 0.75    27.342     1.000     0.000
  62  p   3h11/2   ( 2h 11/2) 0.62    44.298     1.000     0.000
  63  p   4h11/2   ( 4h 11/2) 0.77    72.538     1.000     0.000
  64  p   1i13/2   ( 1i 13/2) 0.94    23.081     1.000     0.000
  65  p   2i13/2   ( 2i 13/2) 0.69    31.759     1.000     0.000
  66  p   3i13/2   ( 2i 13/2) 0.66    50.658     1.000     0.000
  67  p   4i13/2   ( 4i 13/2) 0.75    80.462     1.000     0.000
  68  p   1j13/2   ( 1j 13/2) 0.72    34.151     1.000     0.000
  69  p   2j13/2   ( 1j 13/2) 0.67    47.927     1.000     0.000
  70  p   3j13/2   ( 3j 13/2) 0.78    76.312     1.000     0.000
  71  p   1k15/2   ( 1k 15/2) 0.65    38.284     1.000     0.000
  72  p   2k15/2   ( 1k 15/2) 0.73    55.510     1.000     0.000
  73  p   3k15/2   ( 3k 15/2) 0.75    84.095     1.000     0.000
  74  p   1j15/2   ( 1j 15/2) 0.89    32.191     1.000     0.000
  75  p   2j15/2   ( 2j 15/2) 0.78    41.480     1.000     0.000
  76  p   3j15/2   ( 3j 15/2) 0.84    67.071     1.000     0.000
  77  p   1k17/2   ( 1k 17/2) 0.74    37.588     1.000     0.000
  78  p   2k17/2   ( 1k 17/2) 0.66    49.897     1.000     0.000
  79  p   3k17/2   ( 3k 17/2) 0.83    73.406     1.000     0.000
  80  p   1l17/2   ( 1l 17/2) 0.82    47.751     1.000     0.000
  81  p   2l17/2   ( 2l 17/2) 0.81    72.091     1.000     0.000
  82  p   1m19/2   ( 1m 19/2) 0.80    52.105     1.000     0.000
  83  p   2m19/2   ( 2m 19/2) 0.79    79.270     1.000     0.000
  84  p   1l19/2   ( 1l 19/2) 0.85    47.103     1.000     0.000
  85  p   2l19/2   ( 2l 19/2) 0.85    62.952     1.000     0.000
  86  p   1m21/2   ( 1m 21/2) 0.81    51.783     1.000     0.000
  87  p   2m21/2   ( 2m 21/2) 0.80    71.773     1.000     0.000
  88  p   1n21/2   ( 1n 21/2) 0.98    66.894     1.000     0.000
  89  p   1o23/2   ( 1o 23/2) 0.98    72.077     1.000     0.000
  90  p   1n23/2   ( 1n 23/2) 0.98    64.849     1.000     0.000
  91  p   1o25/2   ( 1o 25/2) 0.98    70.683     1.000     0.000


 quasi-particle properties Proton: 
 ------------------------------------------------------------------
     p/h    l j     [nr,l,j]  smax       Eqp       uu       vv
   1  p   1s 1/2   ( 3s  1/2) 0.89    12.322     0.998     0.002
   2  h   2s 1/2   ( 2s  1/2) 0.97    14.380     0.007     0.993
   3  p   3s 1/2   ( 5s  1/2) 0.57    21.128     0.999     0.001
   4  p   4s 1/2   ( 4s  1/2) 0.72    37.588     1.000     0.000
   5  h   5s 1/2   ( 1s  1/2) 0.98    44.421     0.001     0.999
   6  p   6s 1/2   ( 5s  1/2) 0.71    58.933     1.000     0.000
   7  p   7s 1/2   ( 7s  1/2) 0.67    95.414     1.000     0.000
   8  p   1p 1/2   ( 2p  1/2) 0.87     1.987     0.789     0.211
   9  p   2p 1/2   ( 3p  1/2) 0.69    18.615     1.000     0.000
  10  h   3p 1/2   ( 1p  1/2) 0.98    30.557     0.009     0.991
  11  p   4p 1/2   ( 3p  1/2) 0.67    31.578     0.993     0.007
  12  p   5p 1/2   ( 4p  1/2) 0.70    51.012     1.000     0.000
  13  p   6p 1/2   ( 6p  1/2) 0.70    85.470     1.000     0.000
  14  p   1d 3/2   ( 2d  3/2) 0.93    12.834     0.996     0.004
  15  h   2d 3/2   ( 1d  3/2) 0.98    15.921     0.008     0.992
  16  p   3d 3/2   ( 4d  3/2) 0.58    21.946     0.999     0.001
  17  p   4d 3/2   ( 3d  3/2) 0.73    38.402     1.000     0.000
  18  p   5d 3/2   ( 4d  3/2) 0.72    59.567     1.000     0.000
  19  p   6d 3/2   ( 6d  3/2) 0.67    95.819     1.000     0.000
  20  h   1p 3/2   ( 2p  3/2) 0.81     1.775     0.303     0.697
  21  p   2p 3/2   ( 3p  3/2) 0.71    18.273     1.000     0.000
  22  p   3p 3/2   ( 3p  3/2) 0.65    30.886     0.997     0.003
  23  h   4p 3/2   ( 1p  3/2) 0.98    32.599     0.004     0.996
  24  p   5p 3/2   ( 4p  3/2) 0.70    50.104     1.000     0.000
  25  p   6p 3/2   ( 6p  3/2) 0.70    84.574     1.000     0.000
  26  p   1d 5/2   ( 2d  5/2) 0.95    10.982     0.998     0.002
  27  h   2d 5/2   ( 1d  5/2) 0.98    20.114     0.022     0.978
  28  p   3d 5/2   ( 4d  5/2) 0.58    21.276     0.981     0.019
  29  p   4d 5/2   ( 3d  5/2) 0.72    37.363     1.000     0.000
  30  p   5d 5/2   ( 4d  5/2) 0.72    57.830     1.000     0.000
  31  p   6d 5/2   ( 6d  5/2) 0.67    94.060     1.000     0.000
  32  h   1f 5/2   ( 1f  5/2) 0.87     1.959     0.227     0.773
  33  p   2f 5/2   ( 2f  5/2) 0.77    20.314     1.000     0.000
  34  p   3f 5/2   ( 2f  5/2) 0.61    31.169     1.000     0.000
  35  p   4f 5/2   ( 3f  5/2) 0.70    50.677     1.000     0.000
  36  p   5f 5/2   ( 5f  5/2) 0.71    84.813     1.000     0.000
  37  p   1g 7/2   ( 1g  7/2) 0.97    12.506     0.997     0.003
  38  p   2g 7/2   ( 2g  7/2) 0.59    24.278     1.000     0.000
  39  p   3g 7/2   ( 2g  7/2) 0.75    38.831     1.000     0.000
  40  p   4g 7/2   ( 3g  7/2) 0.73    58.443     1.000     0.000
  41  p   5g 7/2   ( 5g  7/2) 0.69    93.499     1.000     0.000
  42  h   1f 7/2   ( 1f  7/2) 0.98     7.721     0.012     0.988
  43  p   2f 7/2   ( 2f  7/2) 0.83    19.216     1.000     0.000
  44  p   3f 7/2   ( 4f  7/2) 0.58    29.533     1.000     0.000
  45  p   4f 7/2   ( 3f  7/2) 0.68    48.549     1.000     0.000
  46  p   5f 7/2   ( 5f  7/2) 0.72    81.970     1.000     0.000
  47  p   1g 9/2   ( 1g  9/2) 0.98     4.819     0.978     0.022
  48  p   2g 9/2   ( 2g  9/2) 0.66    23.377     1.000     0.000
  49  p   3g 9/2   ( 2g  9/2) 0.71    36.716     1.000     0.000
  50  p   4g 9/2   ( 3g  9/2) 0.72    55.462     1.000     0.000
  51  p   5g 9/2   ( 5g  9/2) 0.70    89.973     1.000     0.000
  52  p   1h 9/2   ( 1h  9/2) 0.90    23.227     1.000     0.000
  53  p   2h 9/2   ( 3h  9/2) 0.60    31.895     1.000     0.000
  54  p   3h 9/2   ( 2h  9/2) 0.70    51.487     1.000     0.000
  55  p   4h 9/2   ( 4h  9/2) 0.73    81.651     1.000     0.000
  56  p   1i11/2   ( 1i 11/2) 0.65    29.337     1.000     0.000
  57  p   2i11/2   ( 1i 11/2) 0.73    39.178     1.000     0.000
  58  p   3i11/2   ( 2i 11/2) 0.73    58.521     1.000     0.000
  59  p   4i11/2   ( 4i 11/2) 0.70    91.343     1.000     0.000
  60  p   1h11/2   ( 1h 11/2) 0.98    16.153     0.999     0.001
  61  p   2h11/2   ( 2h 11/2) 0.73    29.717     1.000     0.000
  62  p   3h11/2   ( 2h 11/2) 0.65    47.459     1.000     0.000
  63  p   4h11/2   ( 4h 11/2) 0.76    76.841     1.000     0.000
  64  p   1i13/2   ( 1i 13/2) 0.91    26.074     1.000     0.000
  65  p   2i13/2   ( 2i 13/2) 0.66    34.106     1.000     0.000
  66  p   3i13/2   ( 2i 13/2) 0.68    53.565     1.000     0.000
  67  p   4i13/2   ( 4i 13/2) 0.74    84.596     1.000     0.000
  68  p   1j13/2   ( 1j 13/2) 0.69    36.613     1.000     0.000
  69  p   2j13/2   ( 1j 13/2) 0.69    50.829     1.000     0.000
  70  p   3j13/2   ( 3j 13/2) 0.77    79.982     1.000     0.000
  71  p   1k15/2   ( 2k 15/2) 0.65    40.421     1.000     0.000
  72  p   2k15/2   ( 1k 15/2) 0.75    58.441     1.000     0.000
  73  p   3k15/2   ( 3k 15/2) 0.75    87.445     1.000     0.000
  74  p   1j15/2   ( 1j 15/2) 0.86    34.951     1.000     0.000
  75  p   2j15/2   ( 2j 15/2) 0.75    44.172     1.000     0.000
  76  p   3j15/2   ( 3j 15/2) 0.83    70.555     1.000     0.000
  77  p   1k17/2   ( 1k 17/2) 0.71    39.818     1.000     0.000
  78  p   2k17/2   ( 1k 17/2) 0.69    52.809     1.000     0.000
  79  p   3k17/2   ( 3k 17/2) 0.82    76.603     1.000     0.000
  80  p   1l17/2   ( 1l 17/2) 0.81    50.233     1.000     0.000
  81  p   2l17/2   ( 2l 17/2) 0.80    75.171     1.000     0.000
  82  p   1m19/2   ( 1m 19/2) 0.80    54.353     1.000     0.000
  83  p   2m19/2   ( 2m 19/2) 0.78    82.325     1.000     0.000
  84  p   1l19/2   ( 1l 19/2) 0.84    49.612     1.000     0.000
  85  p   2l19/2   ( 2l 19/2) 0.83    65.976     1.000     0.000
  86  p   1m21/2   ( 1m 21/2) 0.80    54.019     1.000     0.000
  87  p   2m21/2   ( 2m 21/2) 0.79    74.813     1.000     0.000
  88  p   1n21/2   ( 1n 21/2) 0.98    69.644     1.000     0.000
  89  p   1o23/2   ( 1o 23/2) 0.98    74.665     1.000     0.000
  90  p   1n23/2   ( 1n 23/2) 0.98    67.581     1.000     0.000
  91  p   1o25/2   ( 1o 25/2) 0.98    73.251     1.000     0.000
  ****** END RESU ***********************************
