
  ******************************************  
  *           Fortran 77 Code              *  
  *         Spherical H.O. basis            *  
  * Dirac-Hartree-Bogoliubov calculation   *  
  *        with density-dependent          *  
  * meson-exchange or point coupling force *  
  *          and separable pairing         *  
  * -------------------------------------- *  
  *      Niksic, Paar, Vretenar, Ring      *  
  *           2/ 2/2014/21:35:39           *
  *       Kr  78  N =  42  Z =  36
  ******************************************  
  ****** BEGIN READER *******************************
 Number of oscillator shells :    12   20
 Initialization inin,inink   :     1    1
 Nucleus: Kr  78    42  36
 Initial Gap Parameters      :     1.0000    1.0000
 Parameter set               :    DD-ME2    
  ****** END READER *********************************
  ****** BEGIN FORCES *******************************

 NEDF Parameters: DD-ME2    
 AMU   =  939.000
 msig  =  550.124  gsig =    10.5396  Gsig =   -14.2924
 mome  =  783.000  gome =    13.0189  Gome =    10.7647
 mdel  =    0.000  gdel =     0.0000  Gdel =    -0.0000
 mrho  =  763.000  grho =     3.6836  Grho =     0.9076
  
 Density dependence parameters:
           scasca    scavec    vecsca    vecvec
 a    =   1.388148  1.389291  0.000000  0.564700
 b    =   1.094300  0.923975  0.000000  0.000000
 c    =   1.705700  1.462000  0.000000  0.000000
 d    =   0.442067  0.477492  0.000000  0.000000
 dsat =   0.152000
  
 TMR pairing: Tian,Ma,Ring, PRB 676, 44 (2009)
 TMR pairing strength    gl =:  -728.00000 [MeV*fm^3]
 TMR pairing width        a =:     0.64420 [fm]
  ****** END FORCES *********************************
  ****** BEGIN PREP *********************************
  
 hom =                            9.595899
 hb0 =                           20.734000
 b0  =                            2.078805
 with Coulomb force
 With microscopic c.m. correction
  ****** END PREP ***********************************
  ****** BEGIN ITER *********************************
  1.It. si =    0.0000000  E/A =    0.0000 R =    0.0000  mix = 0.50
  2.It. si =   78.0921892  E/A =   -8.4053 R =    4.1825  mix = 0.50
  3.It. si =   41.4797548  E/A =   -8.4588 R =    4.1564  mix = 0.50
  4.It. si =   30.0928675  E/A =   -8.4957 R =    4.1268  mix = 0.50
  5.It. si =   21.9987782  E/A =   -8.5091 R =    4.1038  mix = 0.50
  6.It. si =    7.8356748  E/A =   -8.5104 R =    4.0711  mix = 0.50
  7.It. si =    2.3018002  E/A =   -8.5117 R =    4.0830  mix = 0.50
  8.It. si =    0.5832170  E/A =   -8.5124 R =    4.0855  mix = 0.50
  9.It. si =    0.2512677  E/A =   -8.5128 R =    4.0866  mix = 0.50
 10.It. si =    0.1337660  E/A =   -8.5143 R =    4.0884  mix = 0.50
 11.It. si =    0.0838272  E/A =   -8.5141 R =    4.0880  mix = 0.50
 12.It. si =    0.0028761  E/A =   -8.5140 R =    4.0878  mix = 0.50
 13.It. si =    0.0010601  E/A =   -8.5140 R =    4.0878  mix = 0.50
 14.It. si =    0.0004273  E/A =   -8.5141 R =    4.0878  mix = 0.50
 15.It. si =    0.0001507  E/A =   -8.5141 R =    4.0878  mix = 0.50
 16.It. si =    0.0000235  E/A =   -8.5141 R =    4.0878  mix = 0.50
 17.It. si =    0.0000097  E/A =   -8.5141 R =    4.0878  mix = 0.50
 18.It. si =    0.0000063  E/A =   -8.5141 R =    4.0878  mix = 0.50
 ********************************************************************
 Kr  78: Iteration converged after  18 steps   si =      0.0000005249
 ********************************************************************
  ****** END ITER ***********************************
  ****** BEGIN CANON ********************************
 single-particle energies and gaps  in the canonical basis: Neutron:
 ------------------------------------------------------------------
    j pi     (nr,l,j)  smax       Ecan       vvcan       decan
 j = 1/2+  (   s 1/2)  0.98    -58.1290      0.9999      1.0582
 j = 1/2+  (   s 1/2)  0.98    -31.4974      0.9985      1.6364
 j = 1/2+  (   s 1/2)  0.97     -1.5068      0.0014      0.6615
 j = 1/2+  (   s 1/2)  0.79     20.2316      0.0000      0.0199
 j = 1/2+  (   s 1/2)  0.95     20.8132      0.0000      0.3469
 j = 1/2+  (   s 1/2)  0.94     39.2263      0.0000      0.1735
 j = 1/2+  (   s 1/2)  0.78     75.7426      0.0000      0.0843
 j = 1/2-  (   p 1/2)  0.99    -46.0490      0.9996      1.3467
 j = 1/2-  (   p 1/2)  0.98    -13.3835      0.9668      1.2070
 j = 1/2-  (   p 1/2)  0.96     10.6879      0.0001      0.4895
 j = 1/2-  (   p 1/2)  0.96     30.1094      0.0000      0.2832
 j = 1/2-  (   p 1/2)  0.90     34.4230      0.0000      0.0340
 j = 1/2-  (   p 1/2)  0.89     53.7652      0.0000      0.1364
 j = 3/2+  (   d 3/2)  0.99    -31.0035      0.9988      1.4502
 j = 3/2+  (   d 3/2)  0.98     -0.7285      0.0018      0.8082
 j = 3/2+  (   d 3/2)  0.80     19.5828      0.0000      0.0189
 j = 3/2+  (   d 3/2)  0.96     22.5137      0.0000      0.3972
 j = 3/2+  (   d 3/2)  0.92     43.7946      0.0000      0.2046
 j = 3/2+  (   d 3/2)  0.82     72.3920      0.0000      0.0964
 j = 3/2-  (   p 3/2)  0.99    -47.9022      0.9997      1.3442
 j = 3/2-  (   p 3/2)  0.98    -15.4217      0.9864      1.2363
 j = 3/2-  (   p 3/2)  0.96      9.7686      0.0002      0.4889
 j = 3/2-  (   p 3/2)  0.96     29.5695      0.0000      0.2726
 j = 3/2-  (   p 3/2)  0.89     33.5656      0.0000      0.0328
 j = 3/2-  (   p 3/2)  0.89     53.1955      0.0000      0.1339
 j = 5/2+  (   d 5/2)  0.99    -35.3167      0.9991      1.4953
 j = 5/2+  (   d 5/2)  0.98     -3.1971      0.0031      0.7911
 j = 5/2+  (   d 5/2)  0.80     19.6987      0.0000      0.0195
 j = 5/2+  (   d 5/2)  0.96     20.6290      0.0000      0.3859
 j = 5/2+  (   d 5/2)  0.92     41.9091      0.0000      0.2047
 j = 5/2+  (   d 5/2)  0.82     71.2641      0.0000      0.0968
 j = 5/2-  (   f 5/2)  0.98    -15.6694      0.9848      1.3689
 j = 5/2-  (   f 5/2)  0.97     11.2960      0.0002      0.5615
 j = 5/2-  (   f 5/2)  0.84     29.1390      0.0000      0.0278
 j = 5/2-  (   f 5/2)  0.94     33.4019      0.0000      0.3047
 j = 5/2-  (   f 5/2)  0.81     55.5763      0.0000      0.1445
 j = 7/2+  (   g 7/2)  0.98     -1.3848      0.0044      1.1864
 j = 7/2+  (   g 7/2)  0.80     20.3803      0.0000      0.0170
 j = 7/2+  (   g 7/2)  0.95     22.8353      0.0000      0.4333
 j = 7/2+  (   g 7/2)  0.88     45.9196      0.0000      0.2183
 j = 7/2+  (   g 7/2)  0.84     69.3058      0.0000      0.0913
 j = 7/2-  (   f 7/2)  0.99    -22.1419      0.9966      1.4034
 j = 7/2-  (   f 7/2)  0.97      8.1569      0.0002      0.5689
 j = 7/2-  (   f 7/2)  0.84     28.5330      0.0000      0.0273
 j = 7/2-  (   f 7/2)  0.93     31.4466      0.0000      0.2845
 j = 7/2-  (   f 7/2)  0.80     53.6873      0.0000      0.1424
 j = 9/2+  (   g 9/2)  0.99     -9.4081      0.2157      1.2009
 j = 9/2+  (   g 9/2)  0.95     18.7380      0.0001      0.4345
 j = 9/2+  (   g 9/2)  0.80     20.6551      0.0000      0.0181
 j = 9/2+  (   g 9/2)  0.89     41.8338      0.0000      0.2214
 j = 9/2+  (   g 9/2)  0.83     67.5072      0.0000      0.0922
 j = 9/2-  (   h 9/2)  0.97     12.1373      0.0005      0.9656
 j = 9/2-  (   h 9/2)  0.81     29.2811      0.0000      0.0247
 j = 9/2-  (   h 9/2)  0.91     34.9915      0.0000      0.3387
 j = 9/2-  (   h 9/2)  0.76     55.1968      0.0000      0.1494
 j =11/2+  (   i11/2)  0.79     22.9419      0.0000      0.0168
 j =11/2+  (   i11/2)  0.94     25.2836      0.0001      0.7538
 j =11/2+  (   i11/2)  0.81     49.4519      0.0000      0.2740
 j =11/2+  (   i11/2)  0.86     64.7685      0.0000      0.0947
 j =11/2-  (   h11/2)  0.97      3.0699      0.0014      0.9837
 j =11/2-  (   h11/2)  0.81     28.9755      0.0000      0.0253
 j =11/2-  (   h11/2)  0.90     30.1182      0.0000      0.3391
 j =11/2-  (   h11/2)  0.76     50.8543      0.0000      0.1490
 j =13/2+  (   i13/2)  0.94     15.6157      0.0002      0.7707
 j =13/2+  (   i13/2)  0.79     22.7137      0.0000      0.0175
 j =13/2+  (   i13/2)  0.80     43.1049      0.0000      0.2736
 j =13/2+  (   i13/2)  0.87     60.6234      0.0000      0.0932
 j =13/2-  (   j13/2)  0.77     31.5500      0.0000      0.0267
 j =13/2-  (   j13/2)  0.89     38.6182      0.0000      0.5729
 j =13/2-  (   j13/2)  0.68     55.1771      0.0000      0.1907
 j =15/2+  (   k15/2)  0.80     29.6308      0.0000      0.0204
 j =15/2+  (   k15/2)  0.83     51.8864      0.0000      0.4289
 j =15/2+  (   k15/2)  0.85     63.6422      0.0000      0.1202
 j =15/2-  (   j15/2)  0.89     28.3983      0.0001      0.5880
 j =15/2-  (   j15/2)  0.76     30.6323      0.0000      0.0266
 j =15/2-  (   j15/2)  0.67     48.8130      0.0000      0.1874
 j =17/2+  (   k17/2)  0.80     29.3267      0.0000      0.0214
 j =17/2+  (   k17/2)  0.83     41.2287      0.0000      0.4393
 j =17/2+  (   k17/2)  0.86     57.9913      0.0000      0.1175
 j =17/2-  (   l17/2)  0.80     39.9457      0.0000      0.0369
 j =17/2-  (   l17/2)  0.80     57.8179      0.0000      0.2796
 j =19/2+  (   m19/2)  0.76     43.2266      0.0000      0.0219
 j =19/2+  (   m19/2)  0.76     65.9074      0.0000      0.1846
 j =19/2-  (   l19/2)  0.80     38.6982      0.0000      0.0366
 j =19/2-  (   l19/2)  0.79     49.4490      0.0000      0.2835
 j =21/2+  (   m21/2)  0.76     42.3887      0.0000      0.0217
 j =21/2+  (   m21/2)  0.75     58.8988      0.0000      0.1866
 j =21/2-  (   n21/2)  0.98     55.5987      0.0000      0.0673
 j =23/2+  (   o23/2)  0.98     60.9090      0.0000      0.0401
 j =23/2-  (   n23/2)  0.98     53.2894      0.0000      0.0675
 j =25/2+  (   o25/2)  0.98     59.2609      0.0000      0.0402
 single-particle energies and gaps  in the canonical basis: Proton: 
 ------------------------------------------------------------------
    j pi     (nr,l,j)  smax       Ecan       vvcan       decan
 j = 1/2+  (   s 1/2)  0.98    -50.9880      0.9993      2.4084
 j = 1/2+  (   s 1/2)  0.97    -20.4938      0.9956      1.8912
 j = 1/2+  (   s 1/2)  0.97      7.2341      0.0009      0.8210
 j = 1/2+  (   s 1/2)  0.80     23.5186      0.0000      0.0186
 j = 1/2+  (   s 1/2)  0.94     30.8498      0.0000      0.4321
 j = 1/2+  (   s 1/2)  0.90     52.0521      0.0000      0.2058
 j = 1/2+  (   s 1/2)  0.82     78.6160      0.0000      0.0915
 j = 1/2-  (   p 1/2)  0.99    -36.9884      0.9989      2.0619
 j = 1/2-  (   p 1/2)  0.98     -5.2014      0.2091      1.5818
 j = 1/2-  (   p 1/2)  0.96     19.9715      0.0002      0.7691
 j = 1/2-  (   p 1/2)  0.84     34.4062      0.0000      0.0348
 j = 1/2-  (   p 1/2)  0.93     42.5653      0.0000      0.3847
 j = 1/2-  (   p 1/2)  0.80     61.9327      0.0000      0.1901
 j = 3/2+  (   d 3/2)  0.99    -22.1927      0.9968      1.8029
 j = 3/2+  (   d 3/2)  0.98      7.9787      0.0015      1.1091
 j = 3/2+  (   d 3/2)  0.80     22.7650      0.0000      0.0185
 j = 3/2+  (   d 3/2)  0.92     34.8199      0.0001      0.6085
 j = 3/2+  (   d 3/2)  0.76     60.8943      0.0000      0.3153
 j = 3/2+  (   d 3/2)  0.85     68.3130      0.0000      0.1092
 j = 3/2-  (   p 3/2)  0.99    -39.1720      0.9990      2.0774
 j = 3/2-  (   p 3/2)  0.98     -6.9412      0.6799      1.5773
 j = 3/2-  (   p 3/2)  0.96     18.7935      0.0002      0.7780
 j = 3/2-  (   p 3/2)  0.84     34.3216      0.0000      0.0350
 j = 3/2-  (   p 3/2)  0.93     41.6666      0.0000      0.3798
 j = 3/2-  (   p 3/2)  0.80     61.0724      0.0000      0.1896
 j = 5/2+  (   d 5/2)  0.99    -26.6082      0.9980      1.8358
 j = 5/2+  (   d 5/2)  0.98      5.4041      0.0022      1.0930
 j = 5/2+  (   d 5/2)  0.80     22.7668      0.0000      0.0191
 j = 5/2+  (   d 5/2)  0.92     33.1340      0.0001      0.6154
 j = 5/2+  (   d 5/2)  0.77     58.7276      0.0000      0.3113
 j = 5/2+  (   d 5/2)  0.85     67.5064      0.0000      0.1100
 j = 5/2-  (   f 5/2)  0.98     -7.4384      0.7858      1.5871
 j = 5/2-  (   f 5/2)  0.96     20.3958      0.0002      0.7142
 j = 5/2-  (   f 5/2)  0.75     29.9558      0.0000      0.0272
 j = 5/2-  (   f 5/2)  0.87     47.7782      0.0000      0.4484
 j = 5/2-  (   f 5/2)  0.65     61.2762      0.0000      0.2000
 j = 7/2+  (   g 7/2)  0.98      6.4698      0.0028      1.3535
 j = 7/2+  (   g 7/2)  0.79     24.7037      0.0000      0.0170
 j = 7/2+  (   g 7/2)  0.94     32.0421      0.0000      0.5093
 j = 7/2+  (   g 7/2)  0.79     62.5724      0.0000      0.3008
 j = 7/2+  (   g 7/2)  0.85     68.4677      0.0000      0.1091
 j = 7/2-  (   f 7/2)  0.99    -13.9572      0.9891      1.6218
 j = 7/2-  (   f 7/2)  0.96     17.1421      0.0002      0.7199
 j = 7/2-  (   f 7/2)  0.74     29.0234      0.0000      0.0262
 j = 7/2-  (   f 7/2)  0.86     46.8090      0.0000      0.4413
 j = 7/2-  (   f 7/2)  0.62     58.5118      0.0000      0.1909
 j = 9/2+  (   g 9/2)  0.99     -1.6477      0.0202      1.3732
 j = 9/2+  (   g 9/2)  0.80     24.8455      0.0000      0.0178
 j = 9/2+  (   g 9/2)  0.94     27.7834      0.0001      0.5113
 j = 9/2+  (   g 9/2)  0.80     58.2146      0.0000      0.3001
 j = 9/2+  (   g 9/2)  0.85     67.1980      0.0000      0.1114
 j = 9/2-  (   h 9/2)  0.97     19.7752      0.0004      1.0982
 j = 9/2-  (   h 9/2)  0.76     32.6131      0.0000      0.0247
 j = 9/2-  (   h 9/2)  0.89     44.6137      0.0000      0.3861
 j = 9/2-  (   h 9/2)  0.69     64.0212      0.0000      0.1720
 j =11/2+  (   i11/2)  0.78     28.4587      0.0000      0.0165
 j =11/2+  (   i11/2)  0.94     32.8317      0.0001      0.8578
 j =11/2+  (   i11/2)  0.79     58.8615      0.0000      0.3052
 j =11/2+  (   i11/2)  0.86     70.7769      0.0000      0.1014
 j =11/2-  (   h11/2)  0.97     10.6338      0.0011      1.1190
 j =11/2-  (   h11/2)  0.76     32.3823      0.0000      0.0252
 j =11/2-  (   h11/2)  0.89     39.4753      0.0000      0.3871
 j =11/2-  (   h11/2)  0.69     59.8040      0.0000      0.1710
 j =13/2+  (   i13/2)  0.94     23.0620      0.0002      0.8766
 j =13/2+  (   i13/2)  0.79     28.2599      0.0000      0.0172
 j =13/2+  (   i13/2)  0.78     52.2312      0.0000      0.3049
 j =13/2+  (   i13/2)  0.86     66.8508      0.0000      0.1000
 j =13/2-  (   j13/2)  0.75     37.0672      0.0000      0.0267
 j =13/2-  (   j13/2)  0.89     46.2629      0.0000      0.6524
 j =13/2-  (   j13/2)  0.66     62.8896      0.0000      0.2074
 j =15/2+  (   k15/2)  0.79     35.5845      0.0000      0.0201
 j =15/2+  (   k15/2)  0.82     59.6511      0.0000      0.4894
 j =15/2+  (   k15/2)  0.84     70.2387      0.0000      0.1295
 j =15/2-  (   j15/2)  0.88     35.8637      0.0001      0.6690
 j =15/2-  (   j15/2)  0.75     36.2391      0.0000      0.0266
 j =15/2-  (   j15/2)  0.65     56.5668      0.0000      0.2040
 j =17/2+  (   k17/2)  0.80     35.3107      0.0000      0.0210
 j =17/2+  (   k17/2)  0.82     48.7356      0.0000      0.5007
 j =17/2+  (   k17/2)  0.85     64.7244      0.0000      0.1273
 j =17/2-  (   l17/2)  0.79     46.0543      0.0000      0.0381
 j =17/2-  (   l17/2)  0.79     65.1147      0.0000      0.3169
 j =19/2+  (   m19/2)  0.75     49.1960      0.0000      0.0223
 j =19/2+  (   m19/2)  0.74     73.1201      0.0000      0.2079
 j =19/2-  (   l19/2)  0.79     44.8803      0.0000      0.0378
 j =19/2-  (   l19/2)  0.78     56.6445      0.0000      0.3212
 j =21/2+  (   m21/2)  0.75     48.4117      0.0000      0.0222
 j =21/2+  (   m21/2)  0.74     66.0347      0.0000      0.2101
 j =21/2-  (   n21/2)  0.98     62.3277      0.0000      0.0731
 j =23/2+  (   o23/2)  0.98     67.5195      0.0000      0.0430
 j =23/2-  (   n23/2)  0.98     60.0063      0.0000      0.0733
 j =25/2+  (   o25/2)  0.98     65.8561      0.0000      0.0430
  ****** END CANON **********************************
  ****** BEGIN RESU *********************************
   ****** BEGIN EXPECT *******

                            neutron        proton         total
 particle number            42.000000      36.000000      78.000000
 trace scalar density       40.208341      34.569316      74.777657
 lambda                    -10.238343      -6.332888
 spk                         4.988897       5.688461
 rms-Radius                  4.102253       4.070803       4.087768
 charge-Radius                              4.148667
 Particle Energ          -1174.207058    -786.916752   -1961.123811
 Selfconsistency Test.                                     0.000002

 Kinetic Energy            538.165290     431.530306     969.695596
 E-scsc                                               -11482.877452
 E-scve                                                 9642.178347
 E-vesc                                                    0.000000
 E-veve                                                    4.990920
 E-rearrang.                                             309.972160
 Coulomb direct                                          215.312401
 Pairing Energy             -5.450649      -7.945494     -13.396143
 Sum without E-cm                                       -664.096331
DE-cm <P**2>/2M             -9.922983      -7.925945     -17.848928
NE-cm <P**2>/2M              6.210413       4.798243      11.008656
 E-cm <P**2>/2M             -3.712570      -3.127702      -6.840272
 Total Energy                                           -670.936603
 E/A                                                      -8.601751

  ****** END EXPECT *********************************


 quasi-particle properties Neutron:
 ------------------------------------------------------------------
     p/h    l j     [nr,l,j]  smax       Eqp       uu       vv
   1  p   1s 1/2   ( 3s  1/2) 0.92     7.525     0.998     0.002
   2  p   2s 1/2   ( 5s  1/2) 0.54    18.318     0.853     0.147
   3  h   3s 1/2   ( 2s  1/2) 0.90    18.974     0.148     0.852
   4  p   4s 1/2   ( 4s  1/2) 0.70    33.983     1.000     0.000
   5  h   5s 1/2   ( 1s  1/2) 0.98    50.344     0.001     0.999
   6  p   6s 1/2   ( 5s  1/2) 0.71    54.937     1.000     0.000
   7  p   7s 1/2   ( 7s  1/2) 0.67    91.180     1.000     0.000
   8  h   1p 1/2   ( 2p  1/2) 0.96     3.163     0.033     0.967
   9  p   2p 1/2   ( 3p  1/2) 0.77    14.933     1.000     0.000
  10  p   3p 1/2   ( 5p  1/2) 0.59    27.342     1.000     0.000
  11  h   4p 1/2   ( 1p  1/2) 0.99    36.039     0.001     0.999
  12  p   5p 1/2   ( 4p  1/2) 0.69    47.136     1.000     0.000
  13  p   6p 1/2   ( 6p  1/2) 0.71    81.038     1.000     0.000
  14  p   1d 3/2   ( 2d  3/2) 0.94     8.412     0.998     0.002
  15  p   2d 3/2   ( 4d  3/2) 0.57    19.362     0.972     0.028
  16  h   3d 3/2   ( 1d  3/2) 0.97    20.859     0.030     0.970
  17  p   4d 3/2   ( 3d  3/2) 0.71    34.578     1.000     0.000
  18  p   5d 3/2   ( 4d  3/2) 0.71    55.438     1.000     0.000
  19  p   6d 3/2   ( 6d  3/2) 0.68    91.336     1.000     0.000
  20  h   1p 3/2   ( 2p  3/2) 0.97     4.858     0.014     0.986
  21  p   2p 3/2   ( 3p  3/2) 0.79    14.454     1.000     0.000
  22  p   3p 3/2   ( 5p  3/2) 0.60    26.703     1.000     0.000
  23  h   4p 3/2   ( 1p  3/2) 0.99    38.155     0.001     0.999
  24  p   5p 3/2   ( 4p  3/2) 0.68    46.200     1.000     0.000
  25  p   6p 3/2   ( 6p  3/2) 0.71    80.140     1.000     0.000
  26  p   1d 5/2   ( 2d  5/2) 0.96     6.495     0.997     0.003
  27  p   2d 5/2   ( 3d  5/2) 0.62    18.702     0.999     0.001
  28  h   3d 5/2   ( 1d  5/2) 0.99    25.129     0.003     0.997
  29  p   4d 5/2   ( 3d  5/2) 0.69    33.479     0.999     0.001
  30  p   5d 5/2   ( 4d  5/2) 0.71    53.738     1.000     0.000
  31  p   6d 5/2   ( 6d  5/2) 0.68    89.486     1.000     0.000
  32  h   1f 5/2   ( 1f  5/2) 0.98     5.598     0.015     0.985
  33  p   2f 5/2   ( 2f  5/2) 0.83    16.212     1.000     0.000
  34  p   3f 5/2   ( 4f  5/2) 0.59    27.591     1.000     0.000
  35  p   4f 5/2   ( 3f  5/2) 0.69    47.157     1.000     0.000
  36  p   5f 5/2   ( 5f  5/2) 0.72    80.294     1.000     0.000
  37  p   1g 7/2   ( 1g  7/2) 0.97     8.540     0.996     0.004
  38  p   2g 7/2   ( 2g  7/2) 0.66    21.352     1.000     0.000
  39  p   3g 7/2   ( 2g  7/2) 0.69    34.509     1.000     0.000
  40  p   4g 7/2   ( 3g  7/2) 0.72    54.784     1.000     0.000
  41  p   5g 7/2   ( 5g  7/2) 0.70    89.484     1.000     0.000
  42  h   1f 7/2   ( 1f  7/2) 0.99    11.982     0.004     0.996
  43  p   2f 7/2   ( 2f  7/2) 0.89    14.702     1.000     0.000
  44  p   3f 7/2   ( 4f  7/2) 0.60    26.146     1.000     0.000
  45  p   4f 7/2   ( 3f  7/2) 0.67    44.938     1.000     0.000
  46  p   5f 7/2   ( 5f  7/2) 0.73    77.475     1.000     0.000
  47  p   1g 9/2   ( 1g  9/2) 0.87     1.453     0.784     0.216
  48  p   2g 9/2   ( 2g  9/2) 0.75    20.083     1.000     0.000
  49  p   3g 9/2   ( 2g  9/2) 0.62    32.297     1.000     0.000
  50  p   4g 9/2   ( 3g  9/2) 0.70    51.734     1.000     0.000
  51  p   5g 9/2   ( 5g  9/2) 0.71    85.940     1.000     0.000
  52  p   1h 9/2   ( 1h  9/2) 0.91    19.338     1.000     0.000
  53  p   2h 9/2   ( 2h  9/2) 0.62    29.057     1.000     0.000
  54  p   3h 9/2   ( 2h  9/2) 0.68    47.092     1.000     0.000
  55  p   4h 9/2   ( 4h  9/2) 0.75    77.519     1.000     0.000
  56  p   1i11/2   ( 1i 11/2) 0.72    26.134     1.000     0.000
  57  p   2i11/2   ( 1i 11/2) 0.66    35.858     1.000     0.000
  58  p   3i11/2   ( 2i 11/2) 0.72    55.106     1.000     0.000
  59  p   4i11/2   ( 4i 11/2) 0.72    86.623     1.000     0.000
  60  p   1h11/2   ( 1h 11/2) 0.98    12.612     0.999     0.001
  61  p   2h11/2   ( 2h 11/2) 0.77    26.688     1.000     0.000
  62  p   3h11/2   ( 2h 11/2) 0.60    42.804     1.000     0.000
  63  p   4h11/2   ( 4h 11/2) 0.78    72.370     1.000     0.000
  64  p   1i13/2   ( 1i 13/2) 0.93    22.556     1.000     0.000
  65  p   2i13/2   ( 2i 13/2) 0.68    31.553     1.000     0.000
  66  p   3i13/2   ( 2i 13/2) 0.67    49.708     1.000     0.000
  67  p   4i13/2   ( 4i 13/2) 0.76    79.498     1.000     0.000
  68  p   1j13/2   ( 1j 13/2) 0.73    33.145     1.000     0.000
  69  p   2j13/2   ( 1j 13/2) 0.65    47.446     1.000     0.000
  70  p   3j13/2   ( 3j 13/2) 0.77    75.892     1.000     0.000
  71  p   1k15/2   ( 1k 15/2) 0.66    37.584     1.000     0.000
  72  p   2k15/2   ( 1k 15/2) 0.71    54.451     1.000     0.000
  73  p   3k15/2   ( 3k 15/2) 0.75    84.192     1.000     0.000
  74  p   1j15/2   ( 1j 15/2) 0.88    31.121     1.000     0.000
  75  p   2j15/2   ( 2j 15/2) 0.76    41.557     1.000     0.000
  76  p   3j15/2   ( 3j 15/2) 0.83    66.221     1.000     0.000
  77  p   1k17/2   ( 1k 17/2) 0.75    36.747     1.000     0.000
  78  p   2k17/2   ( 1k 17/2) 0.64    49.308     1.000     0.000
  79  p   3k17/2   ( 3k 17/2) 0.81    73.436     1.000     0.000
  80  p   1l17/2   ( 1l 17/2) 0.83    46.736     1.000     0.000
  81  p   2l17/2   ( 2l 17/2) 0.82    71.889     1.000     0.000
  82  p   1m19/2   ( 1m 19/2) 0.81    51.354     1.000     0.000
  83  p   2m19/2   ( 2m 19/2) 0.80    78.695     1.000     0.000
  84  p   1l19/2   ( 1l 19/2) 0.87    45.828     1.000     0.000
  85  p   2l19/2   ( 2l 19/2) 0.86    63.053     1.000     0.000
  86  p   1m21/2   ( 1m 21/2) 0.83    50.863     1.000     0.000
  87  p   2m21/2   ( 2m 21/2) 0.82    71.232     1.000     0.000
  88  p   1n21/2   ( 1n 21/2) 0.98    65.837     1.000     0.000
  89  p   1o23/2   ( 1o 23/2) 0.98    71.147     1.000     0.000
  90  p   1n23/2   ( 1n 23/2) 0.98    63.528     1.000     0.000
  91  p   1o25/2   ( 1o 25/2) 0.98    69.499     1.000     0.000


 quasi-particle properties Proton: 
 ------------------------------------------------------------------
     p/h    l j     [nr,l,j]  smax       Eqp       uu       vv
   1  p   1s 1/2   ( 3s  1/2) 0.89    11.220     0.999     0.001
   2  h   2s 1/2   ( 2s  1/2) 0.97    14.268     0.006     0.994
   3  p   3s 1/2   ( 5s  1/2) 0.59    21.143     0.999     0.001
   4  p   4s 1/2   ( 4s  1/2) 0.72    37.304     1.000     0.000
   5  h   5s 1/2   ( 1s  1/2) 0.98    44.730     0.001     0.999
   6  p   6s 1/2   ( 5s  1/2) 0.70    58.728     1.000     0.000
   7  p   7s 1/2   ( 7s  1/2) 0.66    96.303     1.000     0.000
   8  p   1p 1/2   ( 2p  1/2) 0.86     1.909     0.791     0.209
   9  p   2p 1/2   ( 3p  1/2) 0.71    17.943     0.999     0.001
  10  p   3p 1/2   ( 3p  1/2) 0.58    30.537     0.834     0.166
  11  h   4p 1/2   ( 1p  1/2) 0.90    30.759     0.167     0.833
  12  p   5p 1/2   ( 4p  1/2) 0.70    50.779     1.000     0.000
  13  p   6p 1/2   ( 6p  1/2) 0.70    85.967     1.000     0.000
  14  p   1d 3/2   ( 2d  3/2) 0.91    12.033     0.997     0.003
  15  h   2d 3/2   ( 1d  3/2) 0.98    15.961     0.006     0.994
  16  p   3d 3/2   ( 4d  3/2) 0.58    22.020     0.999     0.001
  17  p   4d 3/2   ( 3d  3/2) 0.72    37.789     1.000     0.000
  18  p   5d 3/2   ( 4d  3/2) 0.71    59.081     1.000     0.000
  19  p   6d 3/2   ( 6d  3/2) 0.67    96.104     1.000     0.000
  20  h   1p 3/2   ( 2p  3/2) 0.80     1.676     0.320     0.680
  21  p   2p 3/2   ( 3p  3/2) 0.74    17.504     0.999     0.001
  22  p   3p 3/2   ( 3p  3/2) 0.61    29.877     0.999     0.001
  23  h   4p 3/2   ( 1p  3/2) 0.98    32.906     0.002     0.998
  24  p   5p 3/2   ( 4p  3/2) 0.69    49.799     1.000     0.000
  25  p   6p 3/2   ( 6p  3/2) 0.70    85.035     1.000     0.000
  26  p   1d 5/2   ( 2d  5/2) 0.94    10.269     0.998     0.002
  27  h   2d 5/2   ( 1d  5/2) 0.97    20.333     0.029     0.971
  28  p   3d 5/2   ( 4d  5/2) 0.58    21.326     0.973     0.027
  29  p   4d 5/2   ( 3d  5/2) 0.71    36.665     1.000     0.000
  30  p   5d 5/2   ( 4d  5/2) 0.71    57.322     1.000     0.000
  31  p   6d 5/2   ( 6d  5/2) 0.67    94.219     1.000     0.000
  32  h   1f 5/2   ( 1f  5/2) 0.87     1.931     0.214     0.786
  33  p   2f 5/2   ( 2f  5/2) 0.79    19.367     1.000     0.000
  34  p   3f 5/2   ( 4f  5/2) 0.59    30.656     1.000     0.000
  35  p   4f 5/2   ( 3f  5/2) 0.70    50.684     1.000     0.000
  36  p   5f 5/2   ( 5f  5/2) 0.71    84.912     1.000     0.000
  37  p   1g 7/2   ( 1g  7/2) 0.97    12.215     0.997     0.003
  38  p   2g 7/2   ( 2g  7/2) 0.61    23.943     1.000     0.000
  39  p   3g 7/2   ( 2g  7/2) 0.72    37.748     1.000     0.000
  40  p   4g 7/2   ( 3g  7/2) 0.72    58.297     1.000     0.000
  41  p   5g 7/2   ( 5g  7/2) 0.68    94.121     1.000     0.000
  42  h   1f 7/2   ( 1f  7/2) 0.98     7.793     0.011     0.989
  43  p   2f 7/2   ( 2f  7/2) 0.85    18.002     1.000     0.000
  44  p   3f 7/2   ( 4f  7/2) 0.61    29.096     1.000     0.000
  45  p   4f 7/2   ( 3f  7/2) 0.68    48.413     1.000     0.000
  46  p   5f 7/2   ( 5f  7/2) 0.72    82.089     1.000     0.000
  47  p   1g 9/2   ( 1g  9/2) 0.98     4.810     0.980     0.020
  48  p   2g 9/2   ( 2g  9/2) 0.70    22.725     1.000     0.000
  49  p   3g 9/2   ( 2g  9/2) 0.67    35.401     1.000     0.000
  50  p   4g 9/2   ( 3g  9/2) 0.71    55.120     1.000     0.000
  51  p   5g 9/2   ( 5g  9/2) 0.69    90.588     1.000     0.000
  52  p   1h 9/2   ( 1h  9/2) 0.89    22.454     1.000     0.000
  53  p   2h 9/2   ( 3h  9/2) 0.60    31.804     1.000     0.000
  54  p   3h 9/2   ( 2h  9/2) 0.70    50.495     1.000     0.000
  55  p   4h 9/2   ( 4h  9/2) 0.74    82.065     1.000     0.000
  56  p   1i11/2   ( 1i 11/2) 0.68    28.699     1.000     0.000
  57  p   2i11/2   ( 1i 11/2) 0.69    38.609     1.000     0.000
  58  p   3i11/2   ( 2i 11/2) 0.73    58.230     1.000     0.000
  59  p   4i11/2   ( 4i 11/2) 0.70    91.078     1.000     0.000
  60  p   1h11/2   ( 1h 11/2) 0.98    15.999     0.999     0.001
  61  p   2h11/2   ( 2h 11/2) 0.74    29.334     1.000     0.000
  62  p   3h11/2   ( 2h 11/2) 0.63    46.030     1.000     0.000
  63  p   4h11/2   ( 4h 11/2) 0.77    76.802     1.000     0.000
  64  p   1i13/2   ( 1i 13/2) 0.91    25.524     1.000     0.000
  65  p   2i13/2   ( 2i 13/2) 0.64    34.060     1.000     0.000
  66  p   3i13/2   ( 2i 13/2) 0.69    52.747     1.000     0.000
  67  p   4i13/2   ( 4i 13/2) 0.75    83.741     1.000     0.000
  68  p   1j13/2   ( 1j 13/2) 0.72    35.787     1.000     0.000
  69  p   2j13/2   ( 1j 13/2) 0.66    50.238     1.000     0.000
  70  p   3j13/2   ( 3j 13/2) 0.76    79.700     1.000     0.000
  71  p   1k15/2   ( 1k 15/2) 0.65    39.955     1.000     0.000
  72  p   2k15/2   ( 1k 15/2) 0.73    57.276     1.000     0.000
  73  p   3k15/2   ( 3k 15/2) 0.74    87.621     1.000     0.000
  74  p   1j15/2   ( 1j 15/2) 0.86    33.952     1.000     0.000
  75  p   2j15/2   ( 2j 15/2) 0.73    44.240     1.000     0.000
  76  p   3j15/2   ( 3j 15/2) 0.83    69.841     1.000     0.000
  77  p   1k17/2   ( 1k 17/2) 0.73    39.199     1.000     0.000
  78  p   2k17/2   ( 1k 17/2) 0.66    52.091     1.000     0.000
  79  p   3k17/2   ( 3k 17/2) 0.81    76.738     1.000     0.000
  80  p   1l17/2   ( 1l 17/2) 0.82    49.383     1.000     0.000
  81  p   2l17/2   ( 2l 17/2) 0.81    74.864     1.000     0.000
  82  p   1m19/2   ( 1m 19/2) 0.81    53.810     1.000     0.000
  83  p   2m19/2   ( 2m 19/2) 0.80    81.637     1.000     0.000
  84  p   1l19/2   ( 1l 19/2) 0.86    48.502     1.000     0.000
  85  p   2l19/2   ( 2l 19/2) 0.85    65.972     1.000     0.000
  86  p   1m21/2   ( 1m 21/2) 0.82    53.318     1.000     0.000
  87  p   2m21/2   ( 2m 21/2) 0.81    74.152     1.000     0.000
  88  p   1n21/2   ( 1n 21/2) 0.98    68.661     1.000     0.000
  89  p   1o23/2   ( 1o 23/2) 0.98    73.852     1.000     0.000
  90  p   1n23/2   ( 1n 23/2) 0.98    66.339     1.000     0.000
  91  p   1o25/2   ( 1o 25/2) 0.98    72.189     1.000     0.000
  ****** END RESU ***********************************
